Using pre-set license
Built from '2021.3/staging' branch; Version is '2021.3.5f1 (40eb3a945986) revision 4254522'; Using compiler version '192829333'; Build Type 'Release'
OS: 'Windows 10  (10.0.19043) 64bit Professional' Language: 'es' Physical Memory: 16273 MB
BatchMode: 1, IsHumanControllingUs: 0, StartBugReporterOnCrash: 0, Is64bit: 1, IsPro: 1

COMMAND LINE ARGUMENTS:
C:\Users\Johnny\Software\Unity\Unity Hub\2021.3.5f1\Editor\Unity.exe
-adb2
-batchMode
-noUpm
-name
AssetImportWorker0
-projectPath
C:/Users/user/Documents/GitHub/Celeste-Movement
-logFile
Logs/AssetImportWorker0.log
-srvPort
57237
Successfully changed project path to: C:/Users/user/Documents/GitHub/Celeste-Movement
C:/Users/user/Documents/GitHub/Celeste-Movement
[UnityMemory] Configuration Parameters - Can be set up in boot.config
    "memorysetup-bucket-allocator-granularity=16"
    "memorysetup-bucket-allocator-bucket-count=8"
    "memorysetup-bucket-allocator-block-size=33554432"
    "memorysetup-bucket-allocator-block-count=8"
    "memorysetup-main-allocator-block-size=16777216"
    "memorysetup-thread-allocator-block-size=16777216"
    "memorysetup-gfx-main-allocator-block-size=16777216"
    "memorysetup-gfx-thread-allocator-block-size=16777216"
    "memorysetup-cache-allocator-block-size=4194304"
    "memorysetup-typetree-allocator-block-size=2097152"
    "memorysetup-profiler-bucket-allocator-granularity=16"
    "memorysetup-profiler-bucket-allocator-bucket-count=8"
    "memorysetup-profiler-bucket-allocator-block-size=33554432"
    "memorysetup-profiler-bucket-allocator-block-count=8"
    "memorysetup-profiler-allocator-block-size=16777216"
    "memorysetup-profiler-editor-allocator-block-size=1048576"
    "memorysetup-temp-allocator-size-main=16777216"
    "memorysetup-job-temp-allocator-block-size=2097152"
    "memorysetup-job-temp-allocator-block-size-background=1048576"
    "memorysetup-job-temp-allocator-reduction-small-platforms=262144"
    "memorysetup-temp-allocator-size-background-worker=32768"
    "memorysetup-temp-allocator-size-job-worker=262144"
    "memorysetup-temp-allocator-size-preload-manager=33554432"
    "memorysetup-temp-allocator-size-nav-mesh-worker=65536"
    "memorysetup-temp-allocator-size-audio-worker=65536"
    "memorysetup-temp-allocator-size-cloud-worker=32768"
    "memorysetup-temp-allocator-size-gi-baking-worker=262144"
    "memorysetup-temp-allocator-size-gfx=262144"
Refreshing native plugins compatible for Editor in 50.08 ms, found 2 plugins.
Preloading 0 native plugins for Editor in 0.00 ms.
Initialize engine version: 2021.3.5f1 (40eb3a945986)
[Subsystems] Discovering subsystems at path C:/Users/Johnny/Software/Unity/Unity Hub/2021.3.5f1/Editor/Data/Resources/UnitySubsystems
[Subsystems] Discovering subsystems at path C:/Users/user/Documents/GitHub/Celeste-Movement/Assets
GfxDevice: creating device client; threaded=0; jobified=0
Direct3D:
    Version:  Direct3D 11.0 [level 11.1]
    Renderer: NVIDIA GeForce GTX 1660 SUPER (ID=0x21c4)
    Vendor:   NVIDIA
    VRAM:     5992 MB
    Driver:   30.0.15.1259
Initialize mono
Mono path[0] = 'C:/Users/Johnny/Software/Unity/Unity Hub/2021.3.5f1/Editor/Data/Managed'
Mono path[1] = 'C:/Users/Johnny/Software/Unity/Unity Hub/2021.3.5f1/Editor/Data/MonoBleedingEdge/lib/mono/unityjit-win32'
Mono config path = 'C:/Users/Johnny/Software/Unity/Unity Hub/2021.3.5f1/Editor/Data/MonoBleedingEdge/etc'
Using monoOptions --debugger-agent=transport=dt_socket,embedding=1,server=y,suspend=n,address=127.0.0.1:56424
Begin MonoManager ReloadAssembly
Registering precompiled unity dll's ...
Register platform support module: C:/Users/Johnny/Software/Unity/Unity Hub/2021.3.5f1/Editor/Data/PlaybackEngines/WebGLSupport/UnityEditor.WebGL.Extensions.dll
Register platform support module: C:/Users/Johnny/Software/Unity/Unity Hub/2021.3.5f1/Editor/Data/PlaybackEngines/WindowsStandaloneSupport/UnityEditor.WindowsStandalone.Extensions.dll
Registered in 0.009906 seconds.
Native extension for WindowsStandalone target not found
Native extension for WebGL target not found
Refreshing native plugins compatible for Editor in 40.41 ms, found 2 plugins.
Preloading 0 native plugins for Editor in 0.00 ms.
Mono: successfully reloaded assembly
- Completed reload, in  0.498 seconds
Domain Reload Profiling:
	ReloadAssembly (498ms)
		BeginReloadAssembly (62ms)
			ExecutionOrderSort (0ms)
			DisableScriptedObjects (0ms)
			BackupInstance (0ms)
			ReleaseScriptingObjects (0ms)
			CreateAndSetChildDomain (1ms)
		EndReloadAssembly (339ms)
			LoadAssemblies (60ms)
			RebuildTransferFunctionScriptingTraits (0ms)
			SetupTypeCache (91ms)
			ReleaseScriptCaches (0ms)
			RebuildScriptCaches (21ms)
			SetupLoadedEditorAssemblies (180ms)
				LogAssemblyErrors (0ms)
				InitializePlatformSupportModulesInManaged (9ms)
				SetLoadedEditorAssemblies (0ms)
				RefreshPlugins (40ms)
				BeforeProcessingInitializeOnLoad (1ms)
				ProcessInitializeOnLoadAttributes (94ms)
				ProcessInitializeOnLoadMethodAttributes (35ms)
				AfterProcessingInitializeOnLoad (0ms)
				EditorAssembliesLoaded (0ms)
			ExecutionOrderSort2 (0ms)
			AwakeInstancesAfterBackupRestoration (0ms)
Platform modules already initialized, skipping
Registering precompiled user dll's ...
Registered in 0.005925 seconds.
Begin MonoManager ReloadAssembly
Native extension for WindowsStandalone target not found
Native extension for WebGL target not found
Refreshing native plugins compatible for Editor in 0.67 ms, found 2 plugins.
Preloading 0 native plugins for Editor in 0.00 ms.
Package Manager log level set to [2]
Mono: successfully reloaded assembly
- Completed reload, in  0.850 seconds
Domain Reload Profiling:
	ReloadAssembly (851ms)
		BeginReloadAssembly (95ms)
			ExecutionOrderSort (0ms)
			DisableScriptedObjects (5ms)
			BackupInstance (0ms)
			ReleaseScriptingObjects (0ms)
			CreateAndSetChildDomain (20ms)
		EndReloadAssembly (653ms)
			LoadAssemblies (67ms)
			RebuildTransferFunctionScriptingTraits (0ms)
			SetupTypeCache (149ms)
			ReleaseScriptCaches (0ms)
			RebuildScriptCaches (39ms)
			SetupLoadedEditorAssemblies (365ms)
				LogAssemblyErrors (0ms)
				InitializePlatformSupportModulesInManaged (7ms)
				SetLoadedEditorAssemblies (0ms)
				RefreshPlugins (1ms)
				BeforeProcessingInitializeOnLoad (65ms)
				ProcessInitializeOnLoadAttributes (185ms)
				ProcessInitializeOnLoadMethodAttributes (98ms)
				AfterProcessingInitializeOnLoad (9ms)
				EditorAssembliesLoaded (0ms)
			ExecutionOrderSort2 (0ms)
			AwakeInstancesAfterBackupRestoration (4ms)
Platform modules already initialized, skipping
========================================================================
Worker process is ready to serve import requests
Launched and connected shader compiler UnityShaderCompiler.exe after 0.05 seconds
Refreshing native plugins compatible for Editor in 1.57 ms, found 2 plugins.
Preloading 0 native plugins for Editor in 0.00 ms.
Unloading 2613 Unused Serialized files (Serialized files now loaded: 0)
Unloading 86 unused Assets / (1.3 MB). Loaded Objects now: 3036.
Memory consumption went from 106.3 MB to 104.9 MB.
Total: 12.637800 ms (FindLiveObjects: 0.564300 ms CreateObjectMapping: 0.133600 ms MarkObjects: 11.083000 ms  DeleteObjects: 0.855000 ms)

AssetImportParameters requested are different than current active one (requested -> active):
  custom:video-decoder-ogg-theora: a1e56fd34408186e4bbccfd4996cb3dc -> 
  custom:container-muxer-webm: aa71ff27fc2769a1b78a27578f13a17b -> 
  custom:container-demuxer-webm: 4f35f7cbe854078d1ac9338744f61a02 -> 
  custom:video-encoder-webm-vp8: eb34c28f22e8b96e1ab97ce403110664 -> 
  custom:audio-encoder-webm-vorbis: bf7c407c2cedff20999df2af8eb42d56 -> 
  custom:framework-win-MediaFoundation: 216162199b28c13a410421893ffa2e32 -> 
  custom:container-demuxer-ogg: 62fdf1f143b41e24485cea50d1cbac27 -> 
  custom:video-decoder-webm-vp8: 9c59270c3fd7afecdb556c50c9e8de78 -> 
  custom:audio-decoder-ogg-vorbis: bf7c407c2cedff20999df2af8eb42d56 -> 
========================================================================
Received Import Request.
  Time since last request: 1830477.829857 seconds.
  path: Assets/Scenes/SampleScene.unity
  artifactKey: Guid(2cda990e2423bbf4892e6590ba056729) Importer(815301076,1909f56bfc062723c751e8b465ee728b)
Start importing Assets/Scenes/SampleScene.unity using Guid(2cda990e2423bbf4892e6590ba056729) Importer(815301076,1909f56bfc062723c751e8b465ee728b)  -> (artifact id: '0aa0f7f54115d6a5ca025aefc3fe4798') in 0.023997 seconds 
========================================================================
Received Import Request.
  Time since last request: 0.000058 seconds.
  path: Assets/Materials/Particle.mat
  artifactKey: Guid(22e403e0600918e42ac044155dd76068) Importer(815301076,1909f56bfc062723c751e8b465ee728b)
Start importing Assets/Materials/Particle.mat using Guid(22e403e0600918e42ac044155dd76068) Importer(815301076,1909f56bfc062723c751e8b465ee728b)  -> (artifact id: '46dec532e55bedc5124dc4e57fe61378') in 0.190955 seconds 
========================================================================
Received Prepare
Registering precompiled user dll's ...
Registered in 0.006888 seconds.
Begin MonoManager ReloadAssembly
Native extension for WindowsStandalone target not found
Native extension for WebGL target not found
Refreshing native plugins compatible for Editor in 1.09 ms, found 2 plugins.
Preloading 0 native plugins for Editor in 0.00 ms.
Mono: successfully reloaded assembly
- Completed reload, in  1.039 seconds
Domain Reload Profiling:
	ReloadAssembly (1039ms)
		BeginReloadAssembly (131ms)
			ExecutionOrderSort (0ms)
			DisableScriptedObjects (4ms)
			BackupInstance (0ms)
			ReleaseScriptingObjects (0ms)
			CreateAndSetChildDomain (42ms)
		EndReloadAssembly (823ms)
			LoadAssemblies (90ms)
			RebuildTransferFunctionScriptingTraits (0ms)
			SetupTypeCache (199ms)
			ReleaseScriptCaches (1ms)
			RebuildScriptCaches (41ms)
			SetupLoadedEditorAssemblies (444ms)
				LogAssemblyErrors (0ms)
				InitializePlatformSupportModulesInManaged (17ms)
				SetLoadedEditorAssemblies (1ms)
				RefreshPlugins (1ms)
				BeforeProcessingInitializeOnLoad (71ms)
				ProcessInitializeOnLoadAttributes (223ms)
				ProcessInitializeOnLoadMethodAttributes (121ms)
				AfterProcessingInitializeOnLoad (11ms)
				EditorAssembliesLoaded (0ms)
			ExecutionOrderSort2 (0ms)
			AwakeInstancesAfterBackupRestoration (6ms)
Platform modules already initialized, skipping
Refreshing native plugins compatible for Editor in 7.74 ms, found 2 plugins.
Preloading 0 native plugins for Editor in 0.00 ms.
Unloading 2579 Unused Serialized files (Serialized files now loaded: 0)
Unloading 63 unused Assets / (1.3 MB). Loaded Objects now: 3091.
Memory consumption went from 107.5 MB to 106.2 MB.
Total: 6.091300 ms (FindLiveObjects: 0.214200 ms CreateObjectMapping: 0.062200 ms MarkObjects: 5.552100 ms  DeleteObjects: 0.261900 ms)

AssetImportParameters requested are different than current active one (requested -> active):
  custom:video-decoder-ogg-theora: a1e56fd34408186e4bbccfd4996cb3dc -> 
  custom:container-muxer-webm: aa71ff27fc2769a1b78a27578f13a17b -> 
  custom:container-demuxer-webm: 4f35f7cbe854078d1ac9338744f61a02 -> 
  custom:video-encoder-webm-vp8: eb34c28f22e8b96e1ab97ce403110664 -> 
  custom:audio-encoder-webm-vorbis: bf7c407c2cedff20999df2af8eb42d56 -> 
  custom:framework-win-MediaFoundation: 216162199b28c13a410421893ffa2e32 -> 
  custom:container-demuxer-ogg: 62fdf1f143b41e24485cea50d1cbac27 -> 
  custom:video-decoder-webm-vp8: 9c59270c3fd7afecdb556c50c9e8de78 -> 
  custom:audio-decoder-ogg-vorbis: bf7c407c2cedff20999df2af8eb42d56 -> 
========================================================================
Received Import Request.
  Time since last request: 96.394804 seconds.
  path: Assets/Sprites/roboMJ_Spritesheet.png
  artifactKey: Guid(9b4a8cd55e7c4f2499ae2e19bb517ecc) Importer(815301076,1909f56bfc062723c751e8b465ee728b)
Start importing Assets/Sprites/roboMJ_Spritesheet.png using Guid(9b4a8cd55e7c4f2499ae2e19bb517ecc) Importer(815301076,1909f56bfc062723c751e8b465ee728b)  -> (artifact id: 'adfffee8225a0f30d4f1ca6b4afee52b') in 0.183068 seconds 
========================================================================
Received Import Request.
  Time since last request: 0.000025 seconds.
  path: Assets/Sprites/testTile.psd
  artifactKey: Guid(7c2314fa46a756a4aa41f0f8f7c255a0) Importer(815301076,1909f56bfc062723c751e8b465ee728b)
Start importing Assets/Sprites/testTile.psd using Guid(7c2314fa46a756a4aa41f0f8f7c255a0) Importer(815301076,1909f56bfc062723c751e8b465ee728b)  -> (artifact id: '27c23c07d7b295a554fbf7ad26acef7f') in 0.031331 seconds 
========================================================================
Received Import Request.
  Time since last request: 0.443478 seconds.
  path: Assets/Tilemap/MixJam_Tileset_0.asset
  artifactKey: Guid(6a41f927f1fe8004798933939521ef39) Importer(815301076,1909f56bfc062723c751e8b465ee728b)
Start importing Assets/Tilemap/MixJam_Tileset_0.asset using Guid(6a41f927f1fe8004798933939521ef39) Importer(815301076,1909f56bfc062723c751e8b465ee728b)  -> (artifact id: '9caac606188048061d5a1ff3d2c91d18') in 0.043584 seconds 
========================================================================
Received Import Request.
  Time since last request: 0.000021 seconds.
  path: Assets/Tilemap/MixJam_Tileset_24.asset
  artifactKey: Guid(6e21fe4e3020dae469e91b5b6f1865a5) Importer(815301076,1909f56bfc062723c751e8b465ee728b)
Start importing Assets/Tilemap/MixJam_Tileset_24.asset using Guid(6e21fe4e3020dae469e91b5b6f1865a5) Importer(815301076,1909f56bfc062723c751e8b465ee728b)  -> (artifact id: '774baccc952bd749a881d1ce5df8ad3f') in 0.011631 seconds 
========================================================================
Received Import Request.
  Time since last request: 0.000022 seconds.
  path: Assets/Tilemap/MixJam_Tileset_10.asset
  artifactKey: Guid(a0b3b24da2476b9419c302acfb97516d) Importer(815301076,1909f56bfc062723c751e8b465ee728b)
Start importing Assets/Tilemap/MixJam_Tileset_10.asset using Guid(a0b3b24da2476b9419c302acfb97516d) Importer(815301076,1909f56bfc062723c751e8b465ee728b)  -> (artifact id: 'b419a66ba2b0e8388c574e1333696a27') in 0.011275 seconds 
========================================================================
Received Import Request.
  Time since last request: 0.000030 seconds.
  path: Assets/Tilemap/MixJam_Tileset_33.asset
  artifactKey: Guid(f9089b401dbb2154dacaedb79b6209d0) Importer(815301076,1909f56bfc062723c751e8b465ee728b)
Start importing Assets/Tilemap/MixJam_Tileset_33.asset using Guid(f9089b401dbb2154dacaedb79b6209d0) Importer(815301076,1909f56bfc062723c751e8b465ee728b)  -> (artifact id: 'fb9eb41eedbe321c2dae9fbb761bcb63') in 0.012010 seconds 
========================================================================
Received Import Request.
  Time since last request: 0.000033 seconds.
  path: Assets/Tilemap/MixJam_Tileset_36.asset
  artifactKey: Guid(62cb273c1341ef442bad56c0519440c1) Importer(815301076,1909f56bfc062723c751e8b465ee728b)
Start importing Assets/Tilemap/MixJam_Tileset_36.asset using Guid(62cb273c1341ef442bad56c0519440c1) Importer(815301076,1909f56bfc062723c751e8b465ee728b)  -> (artifact id: '68ec14d8bdb6ab8ad8561e6756499603') in 0.012842 seconds 
========================================================================
Received Import Request.
  Time since last request: 0.000021 seconds.
  path: Assets/Tilemap/MixJam_Tileset_78.asset
  artifactKey: Guid(9721da74905a33b47a3b91267d09007e) Importer(815301076,1909f56bfc062723c751e8b465ee728b)
Start importing Assets/Tilemap/MixJam_Tileset_78.asset using Guid(9721da74905a33b47a3b91267d09007e) Importer(815301076,1909f56bfc062723c751e8b465ee728b)  -> (artifact id: '87f08b2b18b769725619a360fd8000e0') in 0.011075 seconds 
========================================================================
Received Import Request.
  Time since last request: 0.000023 seconds.
  path: Assets/Tilemap/MixJam_Tileset_4.asset
  artifactKey: Guid(52b434ef7815caf46af2c19c9c3b2200) Importer(815301076,1909f56bfc062723c751e8b465ee728b)
Start importing Assets/Tilemap/MixJam_Tileset_4.asset using Guid(52b434ef7815caf46af2c19c9c3b2200) Importer(815301076,1909f56bfc062723c751e8b465ee728b)  -> (artifact id: 'f598e0586b52bbe41e83359526c1bbc2') in 0.011700 seconds 
========================================================================
Received Import Request.
  Time since last request: 0.000023 seconds.
  path: Assets/Tilemap/MixJam_Tileset_72.asset
  artifactKey: Guid(c3aaa907322a97447ab0fb706f057e13) Importer(815301076,1909f56bfc062723c751e8b465ee728b)
Start importing Assets/Tilemap/MixJam_Tileset_72.asset using Guid(c3aaa907322a97447ab0fb706f057e13) Importer(815301076,1909f56bfc062723c751e8b465ee728b)  -> (artifact id: 'a76999d5ebf63c1265cb601951be2a58') in 0.012799 seconds 
========================================================================
Received Import Request.
  Time since last request: 0.000022 seconds.
  path: Assets/Tilemap/MixJam_Tileset_2.asset
  artifactKey: Guid(27ba02b59be412b44809485b334e4ce5) Importer(815301076,1909f56bfc062723c751e8b465ee728b)
Start importing Assets/Tilemap/MixJam_Tileset_2.asset using Guid(27ba02b59be412b44809485b334e4ce5) Importer(815301076,1909f56bfc062723c751e8b465ee728b)  -> (artifact id: '5d02eb9a7092191f77336f01bd68f993') in 0.011695 seconds 
========================================================================
Received Import Request.
  Time since last request: 0.000026 seconds.
  path: Assets/Tilemap/MixJam_Tileset_59.asset
  artifactKey: Guid(cd0fe7d029bddc74ebd014a73bb15495) Importer(815301076,1909f56bfc062723c751e8b465ee728b)
Start importing Assets/Tilemap/MixJam_Tileset_59.asset using Guid(cd0fe7d029bddc74ebd014a73bb15495) Importer(815301076,1909f56bfc062723c751e8b465ee728b)  -> (artifact id: 'ab3f3c24eb3e2385c47dea6e715ca04e') in 0.012010 seconds 
========================================================================
Received Import Request.
  Time since last request: 0.000028 seconds.
  path: Assets/Tilemap/MixJam_Tileset_64.asset
  artifactKey: Guid(860009d88aa0a324bb5677b190d8dee2) Importer(815301076,1909f56bfc062723c751e8b465ee728b)
Start importing Assets/Tilemap/MixJam_Tileset_64.asset using Guid(860009d88aa0a324bb5677b190d8dee2) Importer(815301076,1909f56bfc062723c751e8b465ee728b)  -> (artifact id: '392444beab80a970abbaa8d0bbc66680') in 0.010912 seconds 
========================================================================
Received Import Request.
  Time since last request: 0.000026 seconds.
  path: Assets/Tilemap/MixJam_Tileset_48.asset
  artifactKey: Guid(976420c790013fe44a529b74b7840d6c) Importer(815301076,1909f56bfc062723c751e8b465ee728b)
Start importing Assets/Tilemap/MixJam_Tileset_48.asset using Guid(976420c790013fe44a529b74b7840d6c) Importer(815301076,1909f56bfc062723c751e8b465ee728b)  -> (artifact id: '43a446e4f7407dba461c0f84b22917f3') in 0.010336 seconds 
========================================================================
Received Import Request.
  Time since last request: 0.000047 seconds.
  path: Assets/Tilemap/MixJam_Tileset_29.asset
  artifactKey: Guid(6e145ae757c0d5e4581b52048246ccdd) Importer(815301076,1909f56bfc062723c751e8b465ee728b)
Start importing Assets/Tilemap/MixJam_Tileset_29.asset using Guid(6e145ae757c0d5e4581b52048246ccdd) Importer(815301076,1909f56bfc062723c751e8b465ee728b)  -> (artifact id: '14291e94372cad834e1445611820beee') in 0.013564 seconds 
========================================================================
Received Import Request.
  Time since last request: 0.000021 seconds.
  path: Assets/Tilemap/MixJam_Tileset_34.asset
  artifactKey: Guid(3b6dc57fb998e3f448964808f4b4f7e9) Importer(815301076,1909f56bfc062723c751e8b465ee728b)
Start importing Assets/Tilemap/MixJam_Tileset_34.asset using Guid(3b6dc57fb998e3f448964808f4b4f7e9) Importer(815301076,1909f56bfc062723c751e8b465ee728b)  -> (artifact id: 'c993567f00bb07aa6d89c4ea62265e40') in 0.012209 seconds 
========================================================================
Received Import Request.
  Time since last request: 0.000024 seconds.
  path: Assets/Tilemap/MixJam_Tileset_73.asset
  artifactKey: Guid(4772fda57d4bca048b1113f842dff87e) Importer(815301076,1909f56bfc062723c751e8b465ee728b)
Start importing Assets/Tilemap/MixJam_Tileset_73.asset using Guid(4772fda57d4bca048b1113f842dff87e) Importer(815301076,1909f56bfc062723c751e8b465ee728b)  -> (artifact id: 'da03d7a0b978c1dfe5a5090a1feea421') in 0.013241 seconds 
========================================================================
Received Import Request.
  Time since last request: 0.000030 seconds.
  path: Assets/Tilemap/MixJam_Tileset_67.asset
  artifactKey: Guid(a01086839b950c4419ae5093044a6bed) Importer(815301076,1909f56bfc062723c751e8b465ee728b)
Start importing Assets/Tilemap/MixJam_Tileset_67.asset using Guid(a01086839b950c4419ae5093044a6bed) Importer(815301076,1909f56bfc062723c751e8b465ee728b)  -> (artifact id: 'c9cfd40f62254b2184165cce848b693a') in 0.012415 seconds 
========================================================================
Received Import Request.
  Time since last request: 0.000019 seconds.
  path: Assets/Tilemap/MixJam_Tileset_6.asset
  artifactKey: Guid(8a5fc9c29469d5749b274d2c4bc79077) Importer(815301076,1909f56bfc062723c751e8b465ee728b)
Start importing Assets/Tilemap/MixJam_Tileset_6.asset using Guid(8a5fc9c29469d5749b274d2c4bc79077) Importer(815301076,1909f56bfc062723c751e8b465ee728b)  -> (artifact id: '57445431e1261af000168a5c33ea8af7') in 0.012715 seconds 
========================================================================
Received Import Request.
  Time since last request: 0.000025 seconds.
  path: Assets/Tilemap/MixJam_Tileset_45.asset
  artifactKey: Guid(183898833580f4e44af96b694cab9211) Importer(815301076,1909f56bfc062723c751e8b465ee728b)
Start importing Assets/Tilemap/MixJam_Tileset_45.asset using Guid(183898833580f4e44af96b694cab9211) Importer(815301076,1909f56bfc062723c751e8b465ee728b)  -> (artifact id: '8860c95860fc9cc0181ec80782958fa1') in 0.013115 seconds 
========================================================================
Received Import Request.
  Time since last request: 0.000018 seconds.
  path: Assets/Tilemap/MixJam_Tileset_12.asset
  artifactKey: Guid(3196b299881fb544d92ec6a6cb2c7927) Importer(815301076,1909f56bfc062723c751e8b465ee728b)
Start importing Assets/Tilemap/MixJam_Tileset_12.asset using Guid(3196b299881fb544d92ec6a6cb2c7927) Importer(815301076,1909f56bfc062723c751e8b465ee728b)  -> (artifact id: '8f7563b4884cb2d3e824fa21f14c1b53') in 0.013758 seconds 
========================================================================
Received Import Request.
  Time since last request: 0.000022 seconds.
  path: Assets/Tilemap/MixJam_Tileset_63.asset
  artifactKey: Guid(c015bbd3f7d33f6499597edea1888cd2) Importer(815301076,1909f56bfc062723c751e8b465ee728b)
Start importing Assets/Tilemap/MixJam_Tileset_63.asset using Guid(c015bbd3f7d33f6499597edea1888cd2) Importer(815301076,1909f56bfc062723c751e8b465ee728b)  -> (artifact id: 'a86eaf869f5445ec8db44e25aa16ab3d') in 0.013355 seconds 
========================================================================
Received Import Request.
  Time since last request: 0.000021 seconds.
  path: Assets/Tilemap/MixJam_Tileset_3.asset
  artifactKey: Guid(0660b6b57aa829b46ad2dfbf774ba86c) Importer(815301076,1909f56bfc062723c751e8b465ee728b)
Start importing Assets/Tilemap/MixJam_Tileset_3.asset using Guid(0660b6b57aa829b46ad2dfbf774ba86c) Importer(815301076,1909f56bfc062723c751e8b465ee728b)  -> (artifact id: 'ace70fe7c9239e3e9787d35a06003568') in 0.012115 seconds 
========================================================================
Received Import Request.
  Time since last request: 0.000021 seconds.
  path: Assets/Tilemap/MixJam_Tileset_51.asset
  artifactKey: Guid(6a0abbc8c9d08dd4483001100d369c96) Importer(815301076,1909f56bfc062723c751e8b465ee728b)
Start importing Assets/Tilemap/MixJam_Tileset_51.asset using Guid(6a0abbc8c9d08dd4483001100d369c96) Importer(815301076,1909f56bfc062723c751e8b465ee728b)  -> (artifact id: '6de824bc1c6a7e0cdc3f8930f54f1910') in 0.012140 seconds 
========================================================================
Received Import Request.
  Time since last request: 0.000032 seconds.
  path: Assets/Tilemap/MixJam_Tileset_23.asset
  artifactKey: Guid(c5ed731eedca9864899deb4f1e6ebaad) Importer(815301076,1909f56bfc062723c751e8b465ee728b)
Start importing Assets/Tilemap/MixJam_Tileset_23.asset using Guid(c5ed731eedca9864899deb4f1e6ebaad) Importer(815301076,1909f56bfc062723c751e8b465ee728b)  -> (artifact id: 'c99934aa567287e15f721a45a2f6b381') in 0.012617 seconds 
========================================================================
Received Import Request.
  Time since last request: 0.000033 seconds.
  path: Assets/Tilemap/MixJam_Tileset_42.asset
  artifactKey: Guid(eb64423468963604580a492257a9a592) Importer(815301076,1909f56bfc062723c751e8b465ee728b)
Start importing Assets/Tilemap/MixJam_Tileset_42.asset using Guid(eb64423468963604580a492257a9a592) Importer(815301076,1909f56bfc062723c751e8b465ee728b)  -> (artifact id: '969f0233b2c3ba5ccbf8bc869ffa3653') in 0.011607 seconds 
========================================================================
Received Import Request.
  Time since last request: 0.000030 seconds.
  path: Assets/Tilemap/MixJam_Tileset_38.asset
  artifactKey: Guid(6ad06687382240c4593116937f7e902e) Importer(815301076,1909f56bfc062723c751e8b465ee728b)
Start importing Assets/Tilemap/MixJam_Tileset_38.asset using Guid(6ad06687382240c4593116937f7e902e) Importer(815301076,1909f56bfc062723c751e8b465ee728b)  -> (artifact id: '857c501bce98edaa0123f4c412333ba3') in 0.011711 seconds 
========================================================================
Received Import Request.
  Time since last request: 0.000022 seconds.
  path: Assets/Tilemap/MixJam_Tileset_8.asset
  artifactKey: Guid(9536c80b352289346a8643b4a348795b) Importer(815301076,1909f56bfc062723c751e8b465ee728b)
Start importing Assets/Tilemap/MixJam_Tileset_8.asset using Guid(9536c80b352289346a8643b4a348795b) Importer(815301076,1909f56bfc062723c751e8b465ee728b)  -> (artifact id: '094177b8fc363de135635709e5faf2fd') in 0.012878 seconds 
========================================================================
Received Import Request.
  Time since last request: 0.000026 seconds.
  path: Assets/Tilemap/MixJam_Tileset_50.asset
  artifactKey: Guid(64d802417b3c0764abde19a6abab76e1) Importer(815301076,1909f56bfc062723c751e8b465ee728b)
Start importing Assets/Tilemap/MixJam_Tileset_50.asset using Guid(64d802417b3c0764abde19a6abab76e1) Importer(815301076,1909f56bfc062723c751e8b465ee728b)  -> (artifact id: 'c42eb04b810f6513fa667388af9cc7dd') in 0.013536 seconds 
========================================================================
Received Import Request.
  Time since last request: 0.000020 seconds.
  path: Assets/Tilemap/MixJam_Tileset_54.asset
  artifactKey: Guid(aec257881612a834999e7a5ee99237f7) Importer(815301076,1909f56bfc062723c751e8b465ee728b)
Start importing Assets/Tilemap/MixJam_Tileset_54.asset using Guid(aec257881612a834999e7a5ee99237f7) Importer(815301076,1909f56bfc062723c751e8b465ee728b)  -> (artifact id: '812e08f97dbbea186bc125aa81f938ee') in 0.012969 seconds 
========================================================================
Received Import Request.
  Time since last request: 0.000018 seconds.
  path: Assets/Tilemap/MixJam_Tileset_39.asset
  artifactKey: Guid(5f9d3dc2c7fda4e40afec9ca6945d2bc) Importer(815301076,1909f56bfc062723c751e8b465ee728b)
Start importing Assets/Tilemap/MixJam_Tileset_39.asset using Guid(5f9d3dc2c7fda4e40afec9ca6945d2bc) Importer(815301076,1909f56bfc062723c751e8b465ee728b)  -> (artifact id: '871be596160a9a8d0585b53ac1e1568a') in 0.012916 seconds 
========================================================================
Received Import Request.
  Time since last request: 0.000019 seconds.
  path: Assets/Tilemap/MixJam_Tileset_49.asset
  artifactKey: Guid(7c8bcb7f8d12dce4eb02c944303c38bb) Importer(815301076,1909f56bfc062723c751e8b465ee728b)
Start importing Assets/Tilemap/MixJam_Tileset_49.asset using Guid(7c8bcb7f8d12dce4eb02c944303c38bb) Importer(815301076,1909f56bfc062723c751e8b465ee728b)  -> (artifact id: '2c22c9ab72960e298099da829ae8eff1') in 0.012166 seconds 
========================================================================
Received Import Request.
  Time since last request: 0.000018 seconds.
  path: Assets/Tilemap/MixJam_Tileset_40.asset
  artifactKey: Guid(b60feeb5310e84145ac17fc0d6905e80) Importer(815301076,1909f56bfc062723c751e8b465ee728b)
Start importing Assets/Tilemap/MixJam_Tileset_40.asset using Guid(b60feeb5310e84145ac17fc0d6905e80) Importer(815301076,1909f56bfc062723c751e8b465ee728b)  -> (artifact id: '075ad3aac1515c1fdd99a14422fe6b5a') in 0.013770 seconds 
========================================================================
Received Import Request.
  Time since last request: 0.000022 seconds.
  path: Assets/Tilemap/MixJam_Tileset_65.asset
  artifactKey: Guid(64dcdaa288ef7d24ab9c4db6b328470a) Importer(815301076,1909f56bfc062723c751e8b465ee728b)
Start importing Assets/Tilemap/MixJam_Tileset_65.asset using Guid(64dcdaa288ef7d24ab9c4db6b328470a) Importer(815301076,1909f56bfc062723c751e8b465ee728b)  -> (artifact id: 'c13df89094cdfe0c65c544aa9e2884a2') in 0.012315 seconds 
========================================================================
Received Import Request.
  Time since last request: 0.000020 seconds.
  path: Assets/Tilemap/MixJam_Tileset_17.asset
  artifactKey: Guid(23f5ec2c2c6d6464a8a3634ef018fe4b) Importer(815301076,1909f56bfc062723c751e8b465ee728b)
Start importing Assets/Tilemap/MixJam_Tileset_17.asset using Guid(23f5ec2c2c6d6464a8a3634ef018fe4b) Importer(815301076,1909f56bfc062723c751e8b465ee728b)  -> (artifact id: '4c5dc8a945ca05e89e59ebc474a9d674') in 0.012302 seconds 
========================================================================
Received Import Request.
  Time since last request: 0.000028 seconds.
  path: Assets/Tilemap/MixJam_Tileset_60.asset
  artifactKey: Guid(35dc294e99b139a4686b5d60bbafca31) Importer(815301076,1909f56bfc062723c751e8b465ee728b)
Start importing Assets/Tilemap/MixJam_Tileset_60.asset using Guid(35dc294e99b139a4686b5d60bbafca31) Importer(815301076,1909f56bfc062723c751e8b465ee728b)  -> (artifact id: '038d225d6f23cddface11fd1cfcd97a8') in 0.012381 seconds 
========================================================================
Received Import Request.
  Time since last request: 0.000028 seconds.
  path: Assets/Tilemap/MixJam_Tileset_30.asset
  artifactKey: Guid(bc0ed9bd42708b14087b24c117948858) Importer(815301076,1909f56bfc062723c751e8b465ee728b)
Start importing Assets/Tilemap/MixJam_Tileset_30.asset using Guid(bc0ed9bd42708b14087b24c117948858) Importer(815301076,1909f56bfc062723c751e8b465ee728b)  -> (artifact id: 'd5476a7c9fedbf81150139fff343f5ff') in 0.012021 seconds 
========================================================================
Received Import Request.
  Time since last request: 0.000018 seconds.
  path: Assets/Tilemap/MixJam_Tileset_70.asset
  artifactKey: Guid(58b91720cf5785f4e847ef3518b9a1fd) Importer(815301076,1909f56bfc062723c751e8b465ee728b)
Start importing Assets/Tilemap/MixJam_Tileset_70.asset using Guid(58b91720cf5785f4e847ef3518b9a1fd) Importer(815301076,1909f56bfc062723c751e8b465ee728b)  -> (artifact id: 'c1d55e1a1294264bfd9a9062c5f6b4e3') in 0.011240 seconds 
========================================================================
Received Import Request.
  Time since last request: 0.000021 seconds.
  path: Assets/Tilemap/MixJam_Tileset_11.asset
  artifactKey: Guid(a22e01e6d48399c4da7af77eb17b702b) Importer(815301076,1909f56bfc062723c751e8b465ee728b)
Start importing Assets/Tilemap/MixJam_Tileset_11.asset using Guid(a22e01e6d48399c4da7af77eb17b702b) Importer(815301076,1909f56bfc062723c751e8b465ee728b)  -> (artifact id: 'b2f69583ba8f3794e9390fd256c10cd0') in 0.011779 seconds 
========================================================================
Received Import Request.
  Time since last request: 0.000031 seconds.
  path: Assets/Tilemap/MixJam_Tileset_32.asset
  artifactKey: Guid(5e42377bc76450048b5f0b3ded54e38d) Importer(815301076,1909f56bfc062723c751e8b465ee728b)
Start importing Assets/Tilemap/MixJam_Tileset_32.asset using Guid(5e42377bc76450048b5f0b3ded54e38d) Importer(815301076,1909f56bfc062723c751e8b465ee728b)  -> (artifact id: '0af103785971bf5860fecb7e27a0ff94') in 0.012339 seconds 
========================================================================
Received Import Request.
  Time since last request: 0.000018 seconds.
  path: Assets/Tilemap/MixJam_Tileset_58.asset
  artifactKey: Guid(249756890b3bc2443848405128250fcb) Importer(815301076,1909f56bfc062723c751e8b465ee728b)
Start importing Assets/Tilemap/MixJam_Tileset_58.asset using Guid(249756890b3bc2443848405128250fcb) Importer(815301076,1909f56bfc062723c751e8b465ee728b)  -> (artifact id: '68ce49ff87042ec5ffee2f894c1480ea') in 0.011896 seconds 
========================================================================
Received Import Request.
  Time since last request: 0.000022 seconds.
  path: Assets/Tilemap/MixJam_Tileset_44.asset
  artifactKey: Guid(62f8c39d51a7de64682786ce41fbf02c) Importer(815301076,1909f56bfc062723c751e8b465ee728b)
Start importing Assets/Tilemap/MixJam_Tileset_44.asset using Guid(62f8c39d51a7de64682786ce41fbf02c) Importer(815301076,1909f56bfc062723c751e8b465ee728b)  -> (artifact id: '07d2ef57734e05f90cfecbda0c412a99') in 0.011634 seconds 
========================================================================
Received Import Request.
  Time since last request: 0.000023 seconds.
  path: Assets/Tilemap/MixJam_Tileset_66.asset
  artifactKey: Guid(511bfbb85a2c84344ac8a6950f50055a) Importer(815301076,1909f56bfc062723c751e8b465ee728b)
Start importing Assets/Tilemap/MixJam_Tileset_66.asset using Guid(511bfbb85a2c84344ac8a6950f50055a) Importer(815301076,1909f56bfc062723c751e8b465ee728b)  -> (artifact id: 'd585bf252d1854657a3158f854306853') in 0.012154 seconds 
========================================================================
Received Import Request.
  Time since last request: 0.000040 seconds.
  path: Assets/Tilemap/MixJam_Tileset_75.asset
  artifactKey: Guid(d5bedb37403a17e48a2bf824a6759758) Importer(815301076,1909f56bfc062723c751e8b465ee728b)
Start importing Assets/Tilemap/MixJam_Tileset_75.asset using Guid(d5bedb37403a17e48a2bf824a6759758) Importer(815301076,1909f56bfc062723c751e8b465ee728b)  -> (artifact id: 'a0f1f8c645580cb3ace9279a731b4816') in 0.012150 seconds 
========================================================================
Received Import Request.
  Time since last request: 0.000021 seconds.
  path: Assets/Tilemap/MixJam_Tileset_76.asset
  artifactKey: Guid(c8e190636c222924ab5566fd9d123467) Importer(815301076,1909f56bfc062723c751e8b465ee728b)
Start importing Assets/Tilemap/MixJam_Tileset_76.asset using Guid(c8e190636c222924ab5566fd9d123467) Importer(815301076,1909f56bfc062723c751e8b465ee728b)  -> (artifact id: 'ba6cf3f6b4de768c3f33f8bfa067d84c') in 0.013075 seconds 
Editor requested this worker to shutdown with reason: Scaling down because of idle timeout
AssetImportWorker is now disconnected from the server
Process exiting
Exiting without the bug reporter. Application will terminate with return code 0